Log file open, 05/22/17 20:08:26
LogInit:Display: Running engine for game: oneofhundred
LogPlatformFile: Not using cached read wrapper
LogInit:Display: RandInit(-1287899377) SRandInit(-1287899377).
LogTaskGraph: Started task graph with 5 named threads and 8 total threads with 1 sets of task threads.
LogStats: Stats thread started at 1.344162
LogInit: Using libcurl 7.47.1
LogInit:  - built for x86_64-pc-win32
LogInit:  - supports SSL with OpenSSL/1.0.2g
LogInit:  - supports HTTP deflate (compression) using libz 1.2.8
LogInit:  - other features:
LogInit:      CURL_VERSION_SSL
LogInit:      CURL_VERSION_LIBZ
LogInit:      CURL_VERSION_IPV6
LogInit:      CURL_VERSION_ASYNCHDNS
LogInit:      CURL_VERSION_LARGEFILE
LogInit:      CURL_VERSION_IDN
LogInit:  CurlRequestOptions (configurable via config and command line):
LogInit:  - bVerifyPeer = false  - Libcurl will NOT verify peer certificate
LogInit:  - bUseHttpProxy = false  - Libcurl will NOT use HTTP proxy
LogInit:  - bDontReuseConnections = false  - Libcurl will reuse connections
LogInit:  - CertBundlePath = nullptr  - Libcurl will use whatever was configured at build time.
LogInit: Build: ++UE4+Release-4.15-CL-3416026
LogInit: Engine Version: 4.15.2-3416026+++UE4+Release-4.15
LogInit: Compatible Engine Version: 4.15.0-3299760+++UE4+Release-4.15
LogInit: Net CL: 3299760
LogDevObjectVersion: Number of dev versions registered: 14
LogDevObjectVersion:   Dev-Blueprints (B0D832E4-1F89-4F0D-ACCF-7EB736FD4AA2): 8
LogDevObjectVersion:   Dev-Build (E1C64328-A22C-4D53-A36C-8E866417BD8C): 0
LogDevObjectVersion:   Dev-Core (375EC13C-06E4-48FB-B500-84F0262A717E): 2
LogDevObjectVersion:   Dev-Editor (E4B068ED-F494-42E9-A231-DA0B2E46BB41): 14
LogDevObjectVersion:   Dev-Framework (CFFC743F-43B0-4480-9391-14DF171D2073): 22
LogDevObjectVersion:   Dev-Mobile (B02B49B5-BB20-44E9-A304-32B752E40360): 0
LogDevObjectVersion:   Dev-Networking (A4E4105C-59A1-49B5-A7C5-40C4547EDFEE): 0
LogDevObjectVersion:   Dev-Online (39C831C9-5AE6-47DC-9A44-9C173E1C8E7C): 0
LogDevObjectVersion:   Dev-Physics (78F01B33-EBEA-4F98-B9B4-84EACCB95AA2): 0
LogDevObjectVersion:   Dev-Platform (6631380F-2D4D-43E0-8009-CF276956A95A): 0
LogDevObjectVersion:   Dev-Rendering (12F88B9F-8875-4AFC-A67C-D90C383ABD29): 12
LogDevObjectVersion:   Dev-Sequencer (7B5AE74C-D270-4C10-A958-57980B212A5A): 3
LogDevObjectVersion:   Dev-VR (D7296918-1DD6-4BDD-9DE2-64A83CC13884): 0
LogDevObjectVersion:   Dev-LoadTimes (C2A15278-BFE7-4AFE-6C17-90FF531DF755): 1
LogInit: Compiled (64-bit): May  1 2017 13:11:28
LogInit: Compiled with Visual C++: 19.00.23026.00
LogInit: Build Configuration: Development
LogInit: Branch Name: ++UE4+Release-4.15
LogInit: Command line:  
LogInit: Base directory: D:/epicgameslauncher/Unreal Engine/UE_4.15/Engine/Binaries/Win64/
LogInit: Installed Engine Build: 1
LogInit: Presizing for max 8388607 objects, including 0 objects not considered by GC, pre-allocating 0 bytes for permanent pool.
LogInit: Object subsystem initialized
[2017.05.22-18.08.27:195][  0]LogInit: Selected Device Profile: [Windows]
[2017.05.22-18.08.27:195][  0]LogInit: Applying CVar settings loaded from the selected device profile: [Windows]
[2017.05.22-18.08.27:252][  0]LogInit: Computer: DESKTOP-OV56OJN
[2017.05.22-18.08.27:252][  0]LogInit: User: NMFTHEBEST
[2017.05.22-18.08.27:252][  0]LogInit: CPU Page size=65536, Cores=4
[2017.05.22-18.08.27:252][  0]LogInit: High frequency timer resolution =3.417965 MHz
[2017.05.22-18.08.27:252][  0]LogMemory: Memory total: Physical=7.9GB (8GB approx)
[2017.05.22-18.08.27:252][  0]LogMemory: Platform Memory Stats for Windows
[2017.05.22-18.08.27:252][  0]LogMemory: Process Physical Memory: 263.11 MB used, 263.11 MB peak
[2017.05.22-18.08.27:252][  0]LogMemory: Process Virtual Memory: 262.59 MB used, 262.59 MB peak
[2017.05.22-18.08.27:252][  0]LogMemory: Physical Memory: 5001.94 MB used,  3138.82 MB free, 8140.77 MB total
[2017.05.22-18.08.27:252][  0]LogMemory: Virtual Memory: 630.07 MB used,  3138.82 MB free, 134217728.00 MB total
[2017.05.22-18.08.27:961][  0]LogTextLocalizationManager: No translations for ('pl-PL') exist, falling back to 'en' for localization and internationalization data.
[2017.05.22-18.08.29:215][  0]LogD3D11RHI: D3D11 adapters:
[2017.05.22-18.08.29:695][  0]LogD3D11RHI:    0. 'NVIDIA GeForce GTX 970' (Feature Level 11_0)
[2017.05.22-18.08.29:695][  0]LogD3D11RHI:       4059/0/4070 MB DedicatedVideo/DedicatedSystem/SharedSystem, Outputs:1, VendorId:0x10de
[2017.05.22-18.08.29:698][  0]LogD3D11RHI:    1. 'Microsoft Basic Render Driver' (Feature Level 11_0)
[2017.05.22-18.08.29:698][  0]LogD3D11RHI:       0/0/4070 MB DedicatedVideo/DedicatedSystem/SharedSystem, Outputs:0, VendorId:0x1414
[2017.05.22-18.08.29:698][  0]LogD3D11RHI: Chosen D3D11 Adapter: 0
[2017.05.22-18.08.29:702][  0]LogD3D11RHI: Creating new Direct3DDevice
[2017.05.22-18.08.29:702][  0]LogD3D11RHI:     GPU DeviceId: 0x13c2 (for the marketing name, search the web for "GPU Device Id")
[2017.05.22-18.08.29:702][  0]LogWindows: EnumDisplayDevices:
[2017.05.22-18.08.29:702][  0]LogWindows:    0. 'NVIDIA GeForce GTX 970' (P:1 D:1)
[2017.05.22-18.08.29:702][  0]LogWindows:    1. 'NVIDIA GeForce GTX 970' (P:0 D:0)
[2017.05.22-18.08.29:703][  0]LogWindows:    2. 'NVIDIA GeForce GTX 970' (P:0 D:0)
[2017.05.22-18.08.29:703][  0]LogWindows:    3. 'NVIDIA GeForce GTX 970' (P:0 D:0)
[2017.05.22-18.08.29:703][  0]LogWindows: DebugString: FoundDriverCount:4 
[2017.05.22-18.08.29:703][  0]LogD3D11RHI:     Adapter Name: NVIDIA GeForce GTX 970
[2017.05.22-18.08.29:703][  0]LogD3D11RHI:   Driver Version: 382.05 (internal:22.21.13.8205, unified:382.05)
[2017.05.22-18.08.29:703][  0]LogD3D11RHI:      Driver Date: 5-1-2017
[2017.05.22-18.08.29:703][  0]LogRHI: Texture pool is 1361 MB (70% of 1945 MB)
[2017.05.22-18.08.30:159][  0]LogD3D11RHI: [Aftermath] Aftermath enabled and primed
[2017.05.22-18.08.30:159][  0]LogD3D11RHI: Async texture creation enabled
[2017.05.22-18.08.30:391][  0]LogD3D11RHI: GPU Timing Frequency: 1000.000000 (Debug: 2 1)
[2017.05.22-18.08.30:422][  0]LogShaderCompilers: Guid format shader working directory is 5 characters bigger than the processId version (../../../../../../UE4Projects/GIT/oneofhundred/Intermediate/Shaders/WorkingDirectory/3480/).
[2017.05.22-18.08.30:422][  0]LogShaderCompilers: Cleaned the shader compiler working directory 'C:/Users/NMFTHEBEST/AppData/Local/Temp/UnrealShaderWorkingDir/B57B766845269A39C77B2FA3E524FA48/'.
[2017.05.22-18.08.30:423][  0]LogShaderCompilers:Display: Using Local Shader Compiler.
[2017.05.22-18.08.34:216][  0]LogTemp:Display: Loaded TP AllDesktopTargetPlatform
[2017.05.22-18.08.34:259][  0]LogTemp:Display: Loaded TP MacClientTargetPlatform
[2017.05.22-18.08.34:303][  0]LogTemp:Display: Loaded TP MacNoEditorTargetPlatform
[2017.05.22-18.08.34:347][  0]LogTemp:Display: Loaded TP MacServerTargetPlatform
[2017.05.22-18.08.34:428][  0]LogTemp:Display: Loaded TP MacTargetPlatform
[2017.05.22-18.08.34:473][  0]LogTemp:Display: Loaded TP WindowsClientTargetPlatform
[2017.05.22-18.08.34:517][  0]LogTemp:Display: Loaded TP WindowsNoEditorTargetPlatform
[2017.05.22-18.08.34:562][  0]LogTemp:Display: Loaded TP WindowsServerTargetPlatform
[2017.05.22-18.08.34:610][  0]LogTemp:Display: Loaded TP WindowsTargetPlatform
[2017.05.22-18.08.34:673][  0]LogTemp:Display: Loaded TP AndroidTargetPlatform
[2017.05.22-18.08.34:728][  0]LogTemp:Display: Loaded TP Android_ASTCTargetPlatform
[2017.05.22-18.08.34:772][  0]LogTemp:Display: Loaded TP Android_ATCTargetPlatform
[2017.05.22-18.08.34:815][  0]LogTemp:Display: Loaded TP Android_DXTTargetPlatform
[2017.05.22-18.08.34:859][  0]LogTemp:Display: Loaded TP Android_ETC1TargetPlatform
[2017.05.22-18.08.34:902][  0]LogTemp:Display: Loaded TP Android_ETC2TargetPlatform
[2017.05.22-18.08.35:010][  0]LogTemp:Display: Loaded TP Android_MultiTargetPlatform
[2017.05.22-18.08.35:010][  0]LogTemp:Display: Loaded TP Android_PVRTCTargetPlatform
[2017.05.22-18.08.35:053][  0]LogTemp:Display: Loaded TP HTML5TargetPlatform
[2017.05.22-18.08.35:221][  0]LogTemp:Display: Loaded TP IOSTargetPlatform
[2017.05.22-18.08.35:254][  0]LogTemp:Display: Loaded TP TVOSTargetPlatform
[2017.05.22-18.08.35:306][  0]LogTemp:Display: Loaded TP LinuxClientTargetPlatform
[2017.05.22-18.08.35:358][  0]LogTemp:Display: Loaded TP LinuxNoEditorTargetPlatform
[2017.05.22-18.08.35:406][  0]LogTemp:Display: Loaded TP LinuxServerTargetPlatform
[2017.05.22-18.08.35:467][  0]LogTemp:Display: Loaded TP LinuxTargetPlatform
[2017.05.22-18.08.35:467][  0]LogTargetPlatformManager:Display: Building Assets For Windows
[2017.05.22-18.08.36:418][  0]LogDerivedDataCache:Display: Max Cache Size: 512 MB
[2017.05.22-18.08.36:589][  0]LogDerivedDataCache: Loaded boot cache 0.17s 50MB C:/Users/NMFTHEBEST/AppData/Local/UnrealEngine/4.15/DerivedDataCache/Boot.ddc.
[2017.05.22-18.08.36:589][  0]LogDerivedDataCache:Display: Loaded Boot cache: C:/Users/NMFTHEBEST/AppData/Local/UnrealEngine/4.15/DerivedDataCache/Boot.ddc
[2017.05.22-18.08.36:589][  0]LogDerivedDataCache: FDerivedDataBackendGraph:  Pak pak cache file ../../../../../../UE4Projects/GIT/oneofhundred/DerivedDataCache/DDC.ddp not found, will not use a pak cache.
[2017.05.22-18.08.36:589][  0]LogDerivedDataCache: Unable to find inner node Pak for hierarchical cache Hierarchy.
[2017.05.22-18.08.36:589][  0]LogDerivedDataCache: FDerivedDataBackendGraph:  CompressedPak pak cache file ../../../../../../UE4Projects/GIT/oneofhundred/DerivedDataCache/Compressed.ddp not found, will not use a pak cache.
[2017.05.22-18.08.36:589][  0]LogDerivedDataCache: Unable to find inner node CompressedPak for hierarchical cache Hierarchy.
[2017.05.22-18.08.36:645][  0]LogDerivedDataCache:Display: Pak cache opened for reading ../../../Engine/DerivedDataCache/Compressed.ddp.
[2017.05.22-18.08.36:656][  0]LogDerivedDataCache: Using Local data cache path C:/Users/NMFTHEBEST/AppData/Local/UnrealEngine/Common/DerivedDataCache: Writable
[2017.05.22-18.08.36:822][  0]LogSlate: Using Freetype 2.6.0
[2017.05.22-18.08.36:977][  0]LogSlate: SlateFontCache - WITH_FREETYPE: 1, WITH_HARFBUZZ: 1
[2017.05.22-18.08.36:977][  0]LogSlate: SlateFontCache - WITH_FREETYPE: 1, WITH_HARFBUZZ: 1
[2017.05.22-18.08.43:475][  0]LogInit: Selected Device Profile: [Windows]
[2017.05.22-18.08.43:535][  0]LogContentStreaming: Texture pool size is 0.00 MB
[2017.05.22-18.08.45:078][  0]LogMeshUtilities: Using QuadricMeshReduction for automatic static mesh reduction
[2017.05.22-18.08.45:136][  0]LogSimplygon: Simplygon DLL not present - disabling.
[2017.05.22-18.08.45:208][  0]LogMeshUtilities: Using SimplygonSwarm for distributed automatic mesh merging
[2017.05.22-18.08.45:208][  0]LogMeshUtilities: No automatic skeletal mesh reduction module available
[2017.05.22-18.08.45:208][  0]LogMeshUtilities: No automatic mesh merging module available
[2017.05.22-18.08.49:481][  0]LogNetVersion: GetLocalNetworkVersion: CL: 3299760, ProjectName: oneofhundred, ProjectVersion: , EngineNetworkVersion: 2, GameNetworkVersion: 0, NetworkChecksum: 312854850
[2017.05.22-18.08.49:606][  0]LogAssetRegistry: FAssetRegistry took 0.0211 seconds to start up
[2017.05.22-18.08.49:690][  0]LogPackageLocalizationCache: Processed 3 localized package path(s) for 1 prioritized culture(s) in 0.071877 seconds
[2017.05.22-18.08.49:718][  0]LogUObjectArray: 32493 objects as part of root set at end of initial load.
[2017.05.22-18.08.49:718][  0]LogUObjectAllocator: 7077032 out of 0 bytes used by permanent object pool.
[2017.05.22-18.08.49:718][  0]LogUObjectArray: CloseDisregardForGC: 0/0 objects in disregard for GC pool
[2017.05.22-18.08.49:769][  0]LogInit: WinSock: version 1.1 (2.2), MaxSocks=32767, MaxUdp=65467
[2017.05.22-18.08.58:216][  0]LogTcpMessaging: Initializing TcpMessaging bridge
[2017.05.22-18.08.58:271][  0]LogUdpMessaging: Initializing bridge on interface 0.0.0.0:0 to multicast group 230.0.0.1:6666.
[2017.05.22-18.08.59:445][  0]LogMaterial: Uniform references updated for custom material expression Custom.
[2017.05.22-18.09.00:043][  0]SourceControl: Info Source control is disabled
[2017.05.22-18.09.00:044][  0]SourceControl: Info Source control is disabled
[2017.05.22-18.09.00:143][  0]SourceControl: Info Source control is disabled
[2017.05.22-18.09.00:220][  0]SourceControl: Info Source control is disabled
[2017.05.22-18.09.02:654][  0]LogEngine: Initializing Engine...
[2017.05.22-18.09.02:668][  0]LogHMD: Failed to initialize OpenVR with code 110
[2017.05.22-18.09.03:002][  0]LogStats: UGameplayTagsManager::ConstructGameplayTagTree: Construct from data asset -  0.000 s
[2017.05.22-18.09.03:002][  0]LogStats: UGameplayTagsManager::ConstructGameplayTagTree: GameplayTagTreeChangedEvent.Broadcast -  0.000 s
[2017.05.22-18.09.03:580][  0]LogAIModule: Creating AISystem for world Untitled
[2017.05.22-18.09.03:761][  0]LogInit: XAudio2 using 'Speakers (Realtek High Definition Audio)' : 2 channels at 48 kHz using 32 bits per sample (channel mask 0x3)
[2017.05.22-18.09.03:785][  0]LogInit: FAudioDevice initialized.
[2017.05.22-18.09.03:807][  0]LogDerivedDataCache: Saved boot cache 0.02s 50MB C:/Users/NMFTHEBEST/AppData/Local/UnrealEngine/4.15/DerivedDataCache/Boot.ddc.
[2017.05.22-18.09.03:812][  0]LogInit: Texture streaming: Enabled
[2017.05.22-18.09.04:010][  0]LogEngineSessionManager: EngineSessionManager initialized
[2017.05.22-18.09.05:655][  0]LogInit: Transaction tracking system initialized
[2017.05.22-18.09.06:222][  0]BlueprintLog: New page: Editor Load
[2017.05.22-18.09.07:820][  0]LocalizationService: Info Localization service is disabled
[2017.05.22-18.09.08:833][  0]LogConsoleResponse:Display: 
[2017.05.22-18.09.11:371][  0]LogFileCache: Scanning file cache for directory 'D:/UE4Projects/GIT/oneofhundred/Content/' took 0.01s
[2017.05.22-18.09.11:371][  0]LogCook:Display: Max memory allowance for cook 16384mb min free memory 0mb
[2017.05.22-18.09.11:371][  0]LogCook:Display: Mobile HDR setting 1
[2017.05.22-18.09.14:598][  0]SourceControl: Info Source control is disabled
[2017.05.22-18.09.14:637][  0]Cmd: MAP LOAD FILE="../../../../../../UE4Projects/GIT/oneofhundred/Content/ThirdPersonBP/Maps/ThirdPersonExampleMap.umap" TEMPLATE=0 SHOWPROGRESS=1 FEATURELEVEL=3
[2017.05.22-18.09.14:652][  0]LightingResults: New page: Lighting Build
[2017.05.22-18.09.14:946][  0]MapCheck: New page: Map Check
[2017.05.22-18.09.14:946][  0]LightingResults: New page: Lighting Build
[2017.05.22-18.09.17:555][  0]LogAIModule: Creating AISystem for world ThirdPersonExampleMap
[2017.05.22-18.09.18:175][  0]LogEditorServer: Finished looking for orphan Actors (0.000 secs)
[2017.05.22-18.09.18:261][  0]Cmd: MAP CHECKDEP NOCLEARLOG
[2017.05.22-18.09.18:335][  0]MapCheck: Info Map check complete: 0 Error(s), 0 Warning(s), took 73.975ms to complete.
[2017.05.22-18.09.18:335][  0]LogFileHelpers: Loading map 'ThirdPersonExampleMap' took 3.722
[2017.05.22-18.09.19:332][  0]LogCollectionManager: Loaded 0 collections in 0.001024 seconds
[2017.05.22-18.09.19:444][  0]LogFileCache: Scanning file cache for directory 'D:/UE4Projects/GIT/oneofhundred/Saved/Collections/' took 0.01s
[2017.05.22-18.09.19:444][  0]LogFileCache: Scanning file cache for directory 'D:/UE4Projects/GIT/oneofhundred/Content/Developers/NMFTHEBEST/Collections/' took 0.01s
[2017.05.22-18.09.19:444][  0]LogFileCache: Scanning file cache for directory 'D:/UE4Projects/GIT/oneofhundred/Content/Collections/' took 0.01s
[2017.05.22-18.09.19:444][  0]LogCollectionManager: Rebuilt the GUID cache for 0 collections in 0.000004 seconds
[2017.05.22-18.09.19:467][  0]LogContentBrowser: Native class hierarchy populated in 0.0195 seconds. Added 2245 classes and 453 folders.
[2017.05.22-18.09.19:536][  0]LogContentBrowser: Native class hierarchy updated for 'WidgetCarousel' in 0.0004 seconds. Added 0 classes and 0 folders.
[2017.05.22-18.09.20:293][  0]LogContentBrowser: Native class hierarchy updated for 'AddContentDialog' in 0.0005 seconds. Added 0 classes and 0 folders.
[2017.05.22-18.09.20:384][  0]LogContentBrowser: Native class hierarchy updated for 'SceneOutliner' in 0.0004 seconds. Added 1 classes and 2 folders.
[2017.05.22-18.09.21:149][  0]LogCrashTracker: Crashtracker disabled due to settings.
[2017.05.22-18.09.21:255][  0]LogUObjectGlobals:Warning: Failed to find object 'Class None.'
[2017.05.22-18.09.21:327][  0]LogContentBrowser: Native class hierarchy updated for 'HierarchicalLODOutliner' in 0.0004 seconds. Added 1 classes and 2 folders.
[2017.05.22-18.09.21:328][  0]LogLoad: (Engine Initialization) Total time: 60.64 seconds
[2017.05.22-18.09.21:328][  0]LogLoad: (Engine Initialization) Total Blueprint compile time: 0.62 seconds
[2017.05.22-18.09.21:328][  0]LogExternalProfiler: No external profilers were discovered.  External profiling features will not be available.
[2017.05.22-18.09.21:742][  0]LogOcInput: OculusInput pre-init called
[2017.05.22-18.09.21:971][  0]LogContentStreaming: Texture pool size now 1000 MB
[2017.05.22-18.09.22:051][  0]LogSlate: Took 0.010499 seconds to synchronously load lazily loaded font '../../../Engine/Content/Slate/Fonts/Roboto-Regular.ttf' (155K)
[2017.05.22-18.09.22:071][  0]LogSlate: Took 0.010677 seconds to synchronously load lazily loaded font '../../../Engine/Content/Slate/Fonts/Roboto-Bold.ttf' (160K)
[2017.05.22-18.09.22:090][  0]LogSlate: Took 0.005374 seconds to synchronously load lazily loaded font '../../../Engine/Content/Editor/Slate/Fonts/FontAwesome.ttf' (139K)
[2017.05.22-18.09.22:656][  0]LogRenderer: Reallocating scene render targets to support 904x456 NumSamples 1 (Frame:2).
[2017.05.22-18.09.23:056][  1]LogSlate: Took 0.017250 seconds to synchronously load lazily loaded font '../../../Engine/Content/Slate/Fonts/Roboto-Light.ttf' (159K)
[2017.05.22-18.09.23:634][  3]LogAssetRegistry: Asset discovery search completed in 34.0498 seconds
[2017.05.22-18.09.23:634][  3]LogCollectionManager: Rebuilt the object cache for 0 collections in 0.000011 seconds (found 0 objects)
[2017.05.22-18.09.23:634][  3]LogCollectionManager: Fixed up redirectors for 0 collections in 0.000024 seconds (updated 0 objects)
[2017.05.22-18.09.26:677][ 12]LogSlate: Took 0.000221 seconds to synchronously load lazily loaded font '../../../Engine/Content/Slate/Fonts/Roboto-Light.ttf' (159K)
[2017.05.22-18.09.27:188][ 12]LogSlate: Took 0.000216 seconds to synchronously load lazily loaded font '../../../Engine/Content/Slate/Fonts/Roboto-Regular.ttf' (155K)
[2017.05.22-18.09.27:384][ 12]LogContentBrowser: Native class hierarchy updated for 'BlueprintGraph' in 0.0007 seconds. Added 112 classes and 0 folders.
[2017.05.22-18.09.35:427][639]LogSlate: Took 0.013178 seconds to synchronously load lazily loaded font '../../../Engine/Content/Editor/Slate/Fonts/Roboto-BoldCondensed.ttf' (158K)
[2017.05.22-18.09.35:635][640]LogSlate: Took 0.001254 seconds to synchronously load lazily loaded font '../../../Engine/Content/Editor/Slate/Fonts/Roboto-Italic.ttf' (157K)
[2017.05.22-18.10.35:483][629]SourceControl: Info On branch master
[2017.05.22-18.10.35:483][629]SourceControl: Info Your branch is up-to-date with 'origin/master'.
[2017.05.22-18.10.35:483][629]SourceControl: Info Changes not staged for commit:
[2017.05.22-18.10.35:483][629]SourceControl: Info   (use "git add <file>..." to update what will be committed)
[2017.05.22-18.10.35:483][629]SourceControl: Info   (use "git checkout -- <file>..." to discard changes in working directory)
[2017.05.22-18.10.35:483][629]SourceControl: Info 	modified:   Intermediate/CachedAssetRegistry.bin
[2017.05.22-18.10.35:483][629]SourceControl: Info 	modified:   Saved/Config/Windows/EditorPerProjectUserSettings.ini
[2017.05.22-18.10.35:483][629]SourceControl: Info 	modified:   Saved/Config/Windows/Engine.ini
[2017.05.22-18.10.35:483][629]SourceControl: Info 	modified:   Saved/Logs/oneofhundred.log
[2017.05.22-18.10.35:483][629]SourceControl: Info Untracked files:
[2017.05.22-18.10.35:483][629]SourceControl: Info   (use "git add <file>..." to include in what will be committed)
[2017.05.22-18.10.35:483][629]SourceControl: Info 	Saved/Logs/UE4CC-Windows-B323FD1342DAA7CAA84AA89748DCFF66/
[2017.05.22-18.10.35:483][629]SourceControl: Info 	Saved/Logs/oneofhundred-backup-2017.05.22-20.08.26.log
[2017.05.22-18.10.35:483][629]SourceControl: Info no changes added to commit (use "git add" and/or "git commit -a")
[2017.05.22-18.11.00:625][417]LogSavePackage: Save=84.87ms
[2017.05.22-18.11.00:625][417]LogSavePackage: Moving '../../../../../../UE4Projects/GIT/oneofhundred/Saved/ThirdPersonCharacter37B2895645D3D0B3D131CD9DB5129D90.tmp' to '../../../../../../UE4Projects/GIT/oneofhundred/Content/ThirdPersonBP/Blueprints/ThirdPersonCharacter.uasset'
[2017.05.22-18.11.00:651][417]LogSavePackage:Display: Finished SavePackage ../../../../../../UE4Projects/GIT/oneofhundred/Content/ThirdPersonBP/Blueprints/ThirdPersonCharacter.uasset
[2017.05.22-18.11.07:827][825]LogSourceControl: FGitCheckInWorker: commit successful
[2017.05.22-18.11.07:880][825]SourceControl: Info [master 22a870f] jamper
[2017.05.22-18.11.07:880][825]SourceControl: Info  1 file changed, 0 insertions(+), 0 deletions(-)
[2017.05.22-18.11.07:884][825]SourceControl: Info Commited [master 22a870f] jamper.
[2017.05.22-18.11.12:112][308]SourceControl: Info fatal: D:/epicgameslauncher/Unreal Engine/UE_4.15/Engine/Content/: 'D:/epicgameslauncher/Unreal Engine/UE_4.15/Engine/Content/' is outside repository
[2017.05.22-18.11.12:221][308]LogPackageName:Error: Illegal call to DoesPackageExist: '../../../../../../UE4Projects/GIT/oneofhundred/oneofhundred.uproject' is not a standard unreal filename or a long path name. Reason: Path should be no less than 4 characters long.
[2017.05.22-18.11.12:436][308]LogStats: FPlatformStackWalk::StackWalkAndDump -  0.197 s
[2017.05.22-18.11.12:436][308]LogOutputDevice:Error: === Handled ensure: ===
[2017.05.22-18.11.12:436][308]LogOutputDevice:Error: 
[2017.05.22-18.11.12:436][308]LogOutputDevice:Error: Ensure condition failed: false [File:D:\Build\++UE4+Release-4.15+Compile\Sync\Engine\Source\Runtime\CoreUObject\Private\Misc\PackageName.cpp] [Line: 650]
[2017.05.22-18.11.12:436][308]LogOutputDevice:Error: Illegal call to DoesPackageExist: '../../../../../../UE4Projects/GIT/oneofhundred/oneofhundred.uproject' is not a standard unreal filename or a long path name. Reason: Path should be no less than 4 characters long.
[2017.05.22-18.11.12:436][308]LogOutputDevice:Error: Stack: 
[2017.05.22-18.11.12:436][308]LogOutputDevice:Error: UE4Editor-Core.dll!0x0000000037F395E6
[2017.05.22-18.11.12:436][308]LogOutputDevice:Error: UE4Editor-Core.dll!0x0000000037CE9B82
[2017.05.22-18.11.12:436][308]LogOutputDevice:Error: UE4Editor-Core.dll!0x0000000037CFB666
[2017.05.22-18.11.12:436][308]LogOutputDevice:Error: UE4Editor-CoreUObject.dll!0x000000004ADFA6E8
[2017.05.22-18.11.12:436][308]LogOutputDevice:Error: UE4Editor-SourceControl.dll!0x000000002EDA3D22
[2017.05.22-18.11.12:436][308]LogOutputDevice:Error: UE4Editor-SourceControl.dll!0x000000002EDA3EB9
[2017.05.22-18.11.12:436][308]LogOutputDevice:Error: UE4Editor-SourceControlWindows.dll!0x000000002BC21D2E
[2017.05.22-18.11.12:436][308]LogOutputDevice:Error: UE4Editor-SourceControlWindows.dll!0x000000002BBDB4B5
[2017.05.22-18.11.12:436][308]LogOutputDevice:Error: UE4Editor-SourceControlWindows.dll!0x000000002BBDAA8D
[2017.05.22-18.11.12:436][308]LogOutputDevice:Error: UE4Editor-SourceControlWindows.dll!0x000000002BBEF274
[2017.05.22-18.11.12:436][308]LogOutputDevice:Error: UE4Editor-GitSourceControl.dll!0x0000000023B1B851
[2017.05.22-18.11.12:436][308]LogOutputDevice:Error: UE4Editor-GitSourceControl.dll!0x0000000023B2D1ED
[2017.05.22-18.11.12:436][308]LogOutputDevice:Error: UE4Editor-SourceControl.dll!0x000000002EDA9C5C
[2017.05.22-18.11.12:436][308]LogOutputDevice:Error: UE4Editor-UnrealEd.dll!0x0000000032C37517
[2017.05.22-18.11.12:436][308]LogOutputDevice:Error: UE4Editor-UnrealEd.dll!0x0000000033442156
[2017.05.22-18.11.12:436][308]LogOutputDevice:Error: UE4Editor.exe!0x00000000077ADEE3
[2017.05.22-18.11.12:436][308]LogOutputDevice:Error: UE4Editor.exe!0x000000000779EB40
[2017.05.22-18.11.12:436][308]LogOutputDevice:Error: UE4Editor.exe!0x000000000779EBBA
[2017.05.22-18.11.12:436][308]LogOutputDevice:Error: UE4Editor.exe!0x00000000077B0A29
[2017.05.22-18.11.12:436][308]LogOutputDevice:Error: UE4Editor.exe!0x00000000077B22B6
[2017.05.22-18.11.12:436][308]LogOutputDevice:Error: KERNEL32.DLL!0x000000007A2A2774
[2017.05.22-18.11.12:436][308]LogOutputDevice:Error: ntdll.dll!0x000000007AA00D61
[2017.05.22-18.11.12:436][308]LogOutputDevice:Error: 
[2017.05.22-18.11.12:446][308]LogStats:                SubmitErrorReport -  0.000 s
